{"name": "Проверка, что заказы пользователя из раздела «История заказов» отображаются на странице «Лента заказов»", "status": "broken", "statusDetails": {"message": "selenium.common.exceptions.ElementClickInterceptedException: Message: Element <p class=\"AppHeader_header__linkText__3q_va ml-2\"> is not clickable at point (300,44) because another element <div class=\"Modal_modal_overlay__x2ZCr\"> obscures it\nStacktrace:\nRemoteError@chrome://remote/content/shared/RemoteError.sys.mjs:8:8\nWebDriverError@chrome://remote/content/shared/webdriver/Errors.sys.mjs:193:5\nElementClickInterceptedError@chrome://remote/content/shared/webdriver/Errors.sys.mjs:337:5\nwebdriverClickElement@chrome://remote/content/marionette/interaction.sys.mjs:177:11\ninteraction.clickElement@chrome://remote/content/marionette/interaction.sys.mjs:136:11\nclickElement@chrome://remote/content/marionette/actors/MarionetteCommandsChild.sys.mjs:205:29\nreceiveMessage@chrome://remote/content/marionette/actors/MarionetteCommandsChild.sys.mjs:85:31", "trace": "self = <test_order_page.TestOrderPage object at 0x104e44490>\ndriver = <selenium.webdriver.firefox.webdriver.WebDriver (session=\"0b1f9a05-65f6-4b07-84f6-6951fc375a56\")>\n\n    @allure.title(\n        \"Проверка, что заказы пользователя из раздела «История заказов» отображаются на странице «Лента заказов»\")\n    def test_orders_are_displayed_in_order_list(self, driver):\n        order_page = OrderPage(driver)\n        order_page.create_order()\n        number_of_user_order = order_page.search_number_of_order()\n>       number_in_number_list = order_page.number_of_last_order_in_order_list_from_order_history()\n\ntests/test_order_page.py:20: \n_ _ _ _ _ _ _ _ _ _ _ _ _ _ _ _ _ _ _ _ _ _ _ _ _ _ _ _ _ _ _ _ _ _ _ _ _ _ _ _ _ _ _ _ _ _ _ _ _ _ _ _ _ _ _ _ _ _ _ _ _ _ _ _ _ _ _ _ _ _ _ _ _ _ _ \npages/page_order.py:62: in number_of_last_order_in_order_list_from_order_history\n    self.click_on_element(MainPageLocators.BUTTON_ORDERS_LIST)\npages/base_page.py:29: in click_on_element\n    return filter_field.click()\n/Library/Frameworks/Python.framework/Versions/3.11/lib/python3.11/site-packages/selenium/webdriver/remote/webelement.py:94: in click\n    self._execute(Command.CLICK_ELEMENT)\n/Library/Frameworks/Python.framework/Versions/3.11/lib/python3.11/site-packages/selenium/webdriver/remote/webelement.py:395: in _execute\n    return self._parent.execute(command, params)\n/Library/Frameworks/Python.framework/Versions/3.11/lib/python3.11/site-packages/selenium/webdriver/remote/webdriver.py:347: in execute\n    self.error_handler.check_response(response)\n_ _ _ _ _ _ _ _ _ _ _ _ _ _ _ _ _ _ _ _ _ _ _ _ _ _ _ _ _ _ _ _ _ _ _ _ _ _ _ _ _ _ _ _ _ _ _ _ _ _ _ _ _ _ _ _ _ _ _ _ _ _ _ _ _ _ _ _ _ _ _ _ _ _ _ \n\nself = <selenium.webdriver.remote.errorhandler.ErrorHandler object at 0x104e44350>\nresponse = {'status': 400, 'value': '{\"value\":{\"error\":\"element click intercepted\",\"message\":\"Element <p class=\\\\\"AppHeader_heade...sys.mjs:205:29\\\\nreceiveMessage@chrome://remote/content/marionette/actors/MarionetteCommandsChild.sys.mjs:85:31\\\\n\"}}'}\n\n    def check_response(self, response: Dict[str, Any]) -> None:\n        \"\"\"Checks that a JSON response from the WebDriver does not have an\n        error.\n    \n        :Args:\n         - response - The JSON response from the WebDriver server as a dictionary\n           object.\n    \n        :Raises: If the response contains an error message.\n        \"\"\"\n        status = response.get(\"status\", None)\n        if not status or status == ErrorCode.SUCCESS:\n            return\n        value = None\n        message = response.get(\"message\", \"\")\n        screen: str = response.get(\"screen\", \"\")\n        stacktrace = None\n        if isinstance(status, int):\n            value_json = response.get(\"value\", None)\n            if value_json and isinstance(value_json, str):\n                import json\n    \n                try:\n                    value = json.loads(value_json)\n                    if len(value) == 1:\n                        value = value[\"value\"]\n                    status = value.get(\"error\", None)\n                    if not status:\n                        status = value.get(\"status\", ErrorCode.UNKNOWN_ERROR)\n                        message = value.get(\"value\") or value.get(\"message\")\n                        if not isinstance(message, str):\n                            value = message\n                            message = message.get(\"message\")\n                    else:\n                        message = value.get(\"message\", None)\n                except ValueError:\n                    pass\n    \n        exception_class: Type[WebDriverException]\n        e = ErrorCode()\n        error_codes = [item for item in dir(e) if not item.startswith(\"__\")]\n        for error_code in error_codes:\n            error_info = getattr(ErrorCode, error_code)\n            if isinstance(error_info, list) and status in error_info:\n                exception_class = getattr(ExceptionMapping, error_code, WebDriverException)\n                break\n        else:\n            exception_class = WebDriverException\n    \n        if not value:\n            value = response[\"value\"]\n        if isinstance(value, str):\n            raise exception_class(value)\n        if message == \"\" and \"message\" in value:\n            message = value[\"message\"]\n    \n        screen = None  # type: ignore[assignment]\n        if \"screen\" in value:\n            screen = value[\"screen\"]\n    \n        stacktrace = None\n        st_value = value.get(\"stackTrace\") or value.get(\"stacktrace\")\n        if st_value:\n            if isinstance(st_value, str):\n                stacktrace = st_value.split(\"\\n\")\n            else:\n                stacktrace = []\n                try:\n                    for frame in st_value:\n                        line = frame.get(\"lineNumber\", \"\")\n                        file = frame.get(\"fileName\", \"<anonymous>\")\n                        if line:\n                            file = f\"{file}:{line}\"\n                        meth = frame.get(\"methodName\", \"<anonymous>\")\n                        if \"className\" in frame:\n                            meth = f\"{frame['className']}.{meth}\"\n                        msg = \"    at %s (%s)\"\n                        msg = msg % (meth, file)\n                        stacktrace.append(msg)\n                except TypeError:\n                    pass\n        if exception_class == UnexpectedAlertPresentException:\n            alert_text = None\n            if \"data\" in value:\n                alert_text = value[\"data\"].get(\"text\")\n            elif \"alert\" in value:\n                alert_text = value[\"alert\"].get(\"text\")\n            raise exception_class(message, screen, stacktrace, alert_text)  # type: ignore[call-arg]  # mypy is not smart enough here\n>       raise exception_class(message, screen, stacktrace)\nE       selenium.common.exceptions.ElementClickInterceptedException: Message: Element <p class=\"AppHeader_header__linkText__3q_va ml-2\"> is not clickable at point (300,44) because another element <div class=\"Modal_modal_overlay__x2ZCr\"> obscures it\nE       Stacktrace:\nE       RemoteError@chrome://remote/content/shared/RemoteError.sys.mjs:8:8\nE       WebDriverError@chrome://remote/content/shared/webdriver/Errors.sys.mjs:193:5\nE       ElementClickInterceptedError@chrome://remote/content/shared/webdriver/Errors.sys.mjs:337:5\nE       webdriverClickElement@chrome://remote/content/marionette/interaction.sys.mjs:177:11\nE       interaction.clickElement@chrome://remote/content/marionette/interaction.sys.mjs:136:11\nE       clickElement@chrome://remote/content/marionette/actors/MarionetteCommandsChild.sys.mjs:205:29\nE       receiveMessage@chrome://remote/content/marionette/actors/MarionetteCommandsChild.sys.mjs:85:31\n\n/Library/Frameworks/Python.framework/Versions/3.11/lib/python3.11/site-packages/selenium/webdriver/remote/errorhandler.py:229: ElementClickInterceptedException"}, "steps": [{"name": "Создание заказа", "status": "passed", "steps": [{"name": "Добавление текста в элемент", "status": "passed", "steps": [{"name": "Поиск элемента с задержкой", "status": "passed", "parameters": [{"name": "locator", "value": "('xpath', \".//input[@class = 'text input__textfield text_type_main-default' and  @name = 'name']\")"}], "start": 1727407313971, "stop": 1727407314035}], "parameters": [{"name": "locator", "value": "('xpath', \".//input[@class = 'text input__textfield text_type_main-default' and  @name = 'name']\")"}, {"name": "text", "value": "'Julia_Zenchenko_10_123@yandex.ru'"}], "start": 1727407313971, "stop": 1727407314188}, {"name": "Добавление текста в элемент", "status": "passed", "steps": [{"name": "Поиск элемента с задержкой", "status": "passed", "parameters": [{"name": "locator", "value": "('xpath', \".//input[@name = 'Пароль']\")"}], "start": 1727407314188, "stop": 1727407314204}], "parameters": [{"name": "locator", "value": "('xpath', \".//input[@name = 'Пароль']\")"}, {"name": "text", "value": "'123456'"}], "start": 1727407314188, "stop": 1727407314218}, {"name": "Клик по элементу", "status": "passed", "parameters": [{"name": "locator", "value": "('xpath', \".//button[text() = 'Войти']\")"}], "start": 1727407314218, "stop": 1727407314473}, {"name": "Зажать элемент и перенести на нужное место", "status": "passed", "steps": [{"name": "Поиск элемента с задержкой", "status": "passed", "parameters": [{"name": "locator", "value": "('xpath', \"//a[contains(@class, 'BurgerIngredient_ingredient_')][1]\")"}], "start": 1727407314473, "stop": 1727407314993}, {"name": "Поиск элемента с задержкой", "status": "passed", "parameters": [{"name": "locator", "value": "('xpath', \".//div[@class = 'constructor-element constructor-element_pos_top']\")"}], "start": 1727407314993, "stop": 1727407315007}], "parameters": [{"name": "source_locator", "value": "('xpath', \"//a[contains(@class, 'BurgerIngredient_ingredient_')][1]\")"}, {"name": "target_locator", "value": "('xpath', \".//div[@class = 'constructor-element constructor-element_pos_top']\")"}], "start": 1727407314473, "stop": 1727407315541}, {"name": "Клик по элементу", "status": "passed", "parameters": [{"name": "locator", "value": "('xpath', \".//button[text() = 'Оформить заказ']\")"}], "start": 1727407315541, "stop": 1727407315769}, {"name": "Ожидание статуса заказа во всплывающем окне после создания заказа", "status": "passed", "steps": [{"name": "Поиск элемента с задержкой", "status": "passed", "parameters": [{"name": "locator", "value": "('xpath', \".//p[text() = 'Ваш заказ начали готовить']\")"}], "start": 1727407315769, "stop": 1727407315778}], "start": 1727407315769, "stop": 1727407315778}], "start": 1727407312946, "stop": 1727407315778}, {"name": "Получение номера заказа из истории заказов пользователя", "status": "passed", "steps": [{"name": "Ожидание пока элемент станет кликабельным", "status": "passed", "parameters": [{"name": "locator", "value": "('xpath', \".//button[@class = 'Modal_modal__close_modified__3V5XS Modal_modal__close__TnseK']\")"}], "start": 1727407315778, "stop": 1727407315787}, {"name": "Ожидание, пока элемент станет невидимым на странице", "status": "passed", "parameters": [{"name": "locator", "value": "['xpath', '//*[contains(@class, \"Modal_modal__loading\")]/following::div[@class=\"Modal_modal_overlay__x2ZCr\"]']"}, {"name": "timeout", "value": "10"}], "start": 1727407315787, "stop": 1727407316816}, {"name": "Поиск элемента с задержкой", "status": "passed", "parameters": [{"name": "locator", "value": "('xpath', \".//button[@class = 'Modal_modal__close_modified__3V5XS Modal_modal__close__TnseK']\")"}], "start": 1727407316816, "stop": 1727407316831}, {"name": "Клик по элементу", "status": "passed", "parameters": [{"name": "locator", "value": "('xpath', \".//button[@class = 'Modal_modal__close_modified__3V5XS Modal_modal__close__TnseK']\")"}], "start": 1727407316831, "stop": 1727407317058}, {"name": "Ожидание пока элемент станет кликабельным", "status": "passed", "parameters": [{"name": "locator", "value": "('xpath', \".//p[text() = 'Личный Кабинет']\")"}], "start": 1727407317058, "stop": 1727407317067}, {"name": "Клик по элементу", "status": "passed", "parameters": [{"name": "locator", "value": "('xpath', \".//p[text() = 'Личный Кабинет']\")"}], "start": 1727407317067, "stop": 1727407317297}, {"name": "Поиск элемента с задержкой", "status": "passed", "parameters": [{"name": "locator", "value": "('xpath', \".//a[text() = 'Профиль']\")"}], "start": 1727407317297, "stop": 1727407317433}, {"name": "Клик по элементу", "status": "passed", "parameters": [{"name": "locator", "value": "('xpath', \".//a[text() = 'История заказов']\")"}], "start": 1727407317433, "stop": 1727407317846}, {"name": "Поиск элемента с задержкой", "status": "passed", "parameters": [{"name": "locator", "value": "('xpath', '(.//a[contains(@class, \"OrderHistory_link__1iNby\")])[1]')"}], "start": 1727407317846, "stop": 1727407319385}, {"name": "Скролл до элемента", "status": "passed", "parameters": [{"name": "locator", "value": "('xpath', '(.//p[@class = \"text text_type_digits-default\"])[last()]')"}], "start": 1727407319385, "stop": 1727407319389}, {"name": "Получение текста из элемента", "status": "passed", "steps": [{"name": "Поиск элемента с задержкой", "status": "passed", "parameters": [{"name": "locator", "value": "('xpath', '(.//p[@class = \"text text_type_digits-default\"])[last()]')"}], "start": 1727407319389, "stop": 1727407319395}], "parameters": [{"name": "locator", "value": "('xpath', '(.//p[@class = \"text text_type_digits-default\"])[last()]')"}], "start": 1727407319389, "stop": 1727407319400}], "start": 1727407315778, "stop": 1727407319400}, {"name": "Получение номера из последнего заказа в листе заказов", "status": "broken", "statusDetails": {"message": "selenium.common.exceptions.ElementClickInterceptedException: Message: Element <p class=\"AppHeader_header__linkText__3q_va ml-2\"> is not clickable at point (300,44) because another element <div class=\"Modal_modal_overlay__x2ZCr\"> obscures it\nStacktrace:\nRemoteError@chrome://remote/content/shared/RemoteError.sys.mjs:8:8\nWebDriverError@chrome://remote/content/shared/webdriver/Errors.sys.mjs:193:5\nElementClickInterceptedError@chrome://remote/content/shared/webdriver/Errors.sys.mjs:337:5\nwebdriverClickElement@chrome://remote/content/marionette/interaction.sys.mjs:177:11\ninteraction.clickElement@chrome://remote/content/marionette/interaction.sys.mjs:136:11\nclickElement@chrome://remote/content/marionette/actors/MarionetteCommandsChild.sys.mjs:205:29\nreceiveMessage@chrome://remote/content/marionette/actors/MarionetteCommandsChild.sys.mjs:85:31\n\n", "trace": "  File \"/Library/Frameworks/Python.framework/Versions/3.11/lib/python3.11/site-packages/allure_commons/_allure.py\", line 192, in impl\n    return func(*a, **kw)\n           ^^^^^^^^^^^^^^\n  File \"/Users/macbookraketa/Desktop/ЯндексПрактикум/Diplom/Diplom_3/pages/page_order.py\", line 62, in number_of_last_order_in_order_list_from_order_history\n    self.click_on_element(MainPageLocators.BUTTON_ORDERS_LIST)\n  File \"/Library/Frameworks/Python.framework/Versions/3.11/lib/python3.11/site-packages/allure_commons/_allure.py\", line 192, in impl\n    return func(*a, **kw)\n           ^^^^^^^^^^^^^^\n  File \"/Users/macbookraketa/Desktop/ЯндексПрактикум/Diplom/Diplom_3/pages/base_page.py\", line 29, in click_on_element\n    return filter_field.click()\n           ^^^^^^^^^^^^^^^^^^^^\n  File \"/Library/Frameworks/Python.framework/Versions/3.11/lib/python3.11/site-packages/selenium/webdriver/remote/webelement.py\", line 94, in click\n    self._execute(Command.CLICK_ELEMENT)\n  File \"/Library/Frameworks/Python.framework/Versions/3.11/lib/python3.11/site-packages/selenium/webdriver/remote/webelement.py\", line 395, in _execute\n    return self._parent.execute(command, params)\n           ^^^^^^^^^^^^^^^^^^^^^^^^^^^^^^^^^^^^^\n  File \"/Library/Frameworks/Python.framework/Versions/3.11/lib/python3.11/site-packages/selenium/webdriver/remote/webdriver.py\", line 347, in execute\n    self.error_handler.check_response(response)\n  File \"/Library/Frameworks/Python.framework/Versions/3.11/lib/python3.11/site-packages/selenium/webdriver/remote/errorhandler.py\", line 229, in check_response\n    raise exception_class(message, screen, stacktrace)\n"}, "steps": [{"name": "Переход на страницу листа заказов", "status": "passed", "start": 1727407319401, "stop": 1727407319666}, {"name": "Клик по элементу", "status": "broken", "statusDetails": {"message": "selenium.common.exceptions.ElementClickInterceptedException: Message: Element <p class=\"AppHeader_header__linkText__3q_va ml-2\"> is not clickable at point (300,44) because another element <div class=\"Modal_modal_overlay__x2ZCr\"> obscures it\nStacktrace:\nRemoteError@chrome://remote/content/shared/RemoteError.sys.mjs:8:8\nWebDriverError@chrome://remote/content/shared/webdriver/Errors.sys.mjs:193:5\nElementClickInterceptedError@chrome://remote/content/shared/webdriver/Errors.sys.mjs:337:5\nwebdriverClickElement@chrome://remote/content/marionette/interaction.sys.mjs:177:11\ninteraction.clickElement@chrome://remote/content/marionette/interaction.sys.mjs:136:11\nclickElement@chrome://remote/content/marionette/actors/MarionetteCommandsChild.sys.mjs:205:29\nreceiveMessage@chrome://remote/content/marionette/actors/MarionetteCommandsChild.sys.mjs:85:31\n\n", "trace": "  File \"/Library/Frameworks/Python.framework/Versions/3.11/lib/python3.11/site-packages/allure_commons/_allure.py\", line 192, in impl\n    return func(*a, **kw)\n           ^^^^^^^^^^^^^^\n  File \"/Users/macbookraketa/Desktop/ЯндексПрактикум/Diplom/Diplom_3/pages/base_page.py\", line 29, in click_on_element\n    return filter_field.click()\n           ^^^^^^^^^^^^^^^^^^^^\n  File \"/Library/Frameworks/Python.framework/Versions/3.11/lib/python3.11/site-packages/selenium/webdriver/remote/webelement.py\", line 94, in click\n    self._execute(Command.CLICK_ELEMENT)\n  File \"/Library/Frameworks/Python.framework/Versions/3.11/lib/python3.11/site-packages/selenium/webdriver/remote/webelement.py\", line 395, in _execute\n    return self._parent.execute(command, params)\n           ^^^^^^^^^^^^^^^^^^^^^^^^^^^^^^^^^^^^^\n  File \"/Library/Frameworks/Python.framework/Versions/3.11/lib/python3.11/site-packages/selenium/webdriver/remote/webdriver.py\", line 347, in execute\n    self.error_handler.check_response(response)\n  File \"/Library/Frameworks/Python.framework/Versions/3.11/lib/python3.11/site-packages/selenium/webdriver/remote/errorhandler.py\", line 229, in check_response\n    raise exception_class(message, screen, stacktrace)\n"}, "parameters": [{"name": "locator", "value": "('xpath', './/li[2]//p')"}], "start": 1727407319666, "stop": 1727407319677}], "start": 1727407319401, "stop": 1727407319683}], "parameters": [{"name": "driver", "value": "'firefox'"}], "start": 1727407312928, "stop": 1727407319685, "uuid": "a04da9e1-12b8-45c3-ab1f-24efbd360efe", "historyId": "507501c536fa1d657a11d06797225013", "testCaseId": "cdc909c55f4030b30c584a6c60f4bc50", "fullName": "tests.test_order_page.TestOrderPage#test_orders_are_displayed_in_order_list", "labels": [{"name": "parentSuite", "value": "tests"}, {"name": "suite", "value": "test_order_page"}, {"name": "subSuite", "value": "TestOrderPage"}, {"name": "host", "value": "MacBook-Pro-2.local"}, {"name": "thread", "value": "62076-MainThread"}, {"name": "framework", "value": "pytest"}, {"name": "language", "value": "cpython3"}, {"name": "package", "value": "tests.test_order_page"}]}