{"name": "Проверка, что после оформления заказа его номер появляется в разделе В работе", "status": "broken", "statusDetails": {"message": "selenium.common.exceptions.TimeoutException: Message:", "trace": "self = <test_order_page.TestOrderPage object at 0x104e46210>\ndriver = <selenium.webdriver.firefox.webdriver.WebDriver (session=\"65d31615-7e0b-47c5-a268-b57d1c96f6e1\")>\n\n    @allure.title(\"Проверка, что после оформления заказа его номер появляется в разделе В работе\")\n    def test_count_now_order(self, driver):\n        order_page = OrderPage(driver)\n        order_page.create_order()\n>       order_number = order_page.return_order_id()\n\ntests/test_order_page.py:48: \n_ _ _ _ _ _ _ _ _ _ _ _ _ _ _ _ _ _ _ _ _ _ _ _ _ _ _ _ _ _ _ _ _ _ _ _ _ _ _ _ _ _ _ _ _ _ _ _ _ _ _ _ _ _ _ _ _ _ _ _ _ _ _ _ _ _ _ _ _ _ _ _ _ _ _ \npages/page_order.py:56: in return_order_id\n    self.wait_until_missing_element(OrderPageLocators.ORDER_ID)\npages/base_page.py:84: in wait_until_missing_element\n    WebDriverWait(self.driver, 20).until(EC.invisibility_of_element_located(locator))\n_ _ _ _ _ _ _ _ _ _ _ _ _ _ _ _ _ _ _ _ _ _ _ _ _ _ _ _ _ _ _ _ _ _ _ _ _ _ _ _ _ _ _ _ _ _ _ _ _ _ _ _ _ _ _ _ _ _ _ _ _ _ _ _ _ _ _ _ _ _ _ _ _ _ _ \n\nself = <selenium.webdriver.support.wait.WebDriverWait (session=\"65d31615-7e0b-47c5-a268-b57d1c96f6e1\")>\nmethod = <function invisibility_of_element_located.<locals>._predicate at 0x105419440>, message = ''\n\n    def until(self, method: Callable[[D], Union[Literal[False], T]], message: str = \"\") -> T:\n        \"\"\"Calls the method provided with the driver as an argument until the \\\n        return value does not evaluate to ``False``.\n    \n        :param method: callable(WebDriver)\n        :param message: optional message for :exc:`TimeoutException`\n        :returns: the result of the last call to `method`\n        :raises: :exc:`selenium.common.exceptions.TimeoutException` if timeout occurs\n        \"\"\"\n        screen = None\n        stacktrace = None\n    \n        end_time = time.monotonic() + self._timeout\n        while True:\n            try:\n                value = method(self._driver)\n                if value:\n                    return value\n            except self._ignored_exceptions as exc:\n                screen = getattr(exc, \"screen\", None)\n                stacktrace = getattr(exc, \"stacktrace\", None)\n            time.sleep(self._poll)\n            if time.monotonic() > end_time:\n                break\n>       raise TimeoutException(message, screen, stacktrace)\nE       selenium.common.exceptions.TimeoutException: Message:\n\n/Library/Frameworks/Python.framework/Versions/3.11/lib/python3.11/site-packages/selenium/webdriver/support/wait.py:105: TimeoutException"}, "steps": [{"name": "Создание заказа", "status": "passed", "steps": [{"name": "Добавление текста в элемент", "status": "passed", "steps": [{"name": "Поиск элемента с задержкой", "status": "passed", "parameters": [{"name": "locator", "value": "('xpath', \".//input[@class = 'text input__textfield text_type_main-default' and  @name = 'name']\")"}], "start": 1727407391979, "stop": 1727407392139}], "parameters": [{"name": "locator", "value": "('xpath', \".//input[@class = 'text input__textfield text_type_main-default' and  @name = 'name']\")"}, {"name": "text", "value": "'Julia_Zenchenko_10_123@yandex.ru'"}], "start": 1727407391978, "stop": 1727407392251}, {"name": "Добавление текста в элемент", "status": "passed", "steps": [{"name": "Поиск элемента с задержкой", "status": "passed", "parameters": [{"name": "locator", "value": "('xpath', \".//input[@name = 'Пароль']\")"}], "start": 1727407392251, "stop": 1727407392371}], "parameters": [{"name": "locator", "value": "('xpath', \".//input[@name = 'Пароль']\")"}, {"name": "text", "value": "'123456'"}], "start": 1727407392251, "stop": 1727407392436}, {"name": "Клик по элементу", "status": "passed", "parameters": [{"name": "locator", "value": "('xpath', \".//button[text() = 'Войти']\")"}], "start": 1727407392436, "stop": 1727407392761}, {"name": "Зажать элемент и перенести на нужное место", "status": "passed", "steps": [{"name": "Поиск элемента с задержкой", "status": "passed", "parameters": [{"name": "locator", "value": "('xpath', \"//a[contains(@class, 'BurgerIngredient_ingredient_')][1]\")"}], "start": 1727407392761, "stop": 1727407393274}, {"name": "Поиск элемента с задержкой", "status": "passed", "parameters": [{"name": "locator", "value": "('xpath', \".//div[@class = 'constructor-element constructor-element_pos_top']\")"}], "start": 1727407393274, "stop": 1727407393281}], "parameters": [{"name": "source_locator", "value": "('xpath', \"//a[contains(@class, 'BurgerIngredient_ingredient_')][1]\")"}, {"name": "target_locator", "value": "('xpath', \".//div[@class = 'constructor-element constructor-element_pos_top']\")"}], "start": 1727407392761, "stop": 1727407393805}, {"name": "Клик по элементу", "status": "passed", "parameters": [{"name": "locator", "value": "('xpath', \".//button[text() = 'Оформить заказ']\")"}], "start": 1727407393805, "stop": 1727407394028}, {"name": "Ожидание статуса заказа во всплывающем окне после создания заказа", "status": "passed", "steps": [{"name": "Поиск элемента с задержкой", "status": "passed", "parameters": [{"name": "locator", "value": "('xpath', \".//p[text() = 'Ваш заказ начали готовить']\")"}], "start": 1727407394028, "stop": 1727407394039}], "start": 1727407394028, "stop": 1727407394039}], "start": 1727407388658, "stop": 1727407394039}, {"name": "Получение id заказа", "status": "broken", "statusDetails": {"message": "selenium.common.exceptions.TimeoutException: Message: \n\n", "trace": "  File \"/Library/Frameworks/Python.framework/Versions/3.11/lib/python3.11/site-packages/allure_commons/_allure.py\", line 192, in impl\n    return func(*a, **kw)\n           ^^^^^^^^^^^^^^\n  File \"/Users/macbookraketa/Desktop/ЯндексПрактикум/Diplom/Diplom_3/pages/page_order.py\", line 56, in return_order_id\n    self.wait_until_missing_element(OrderPageLocators.ORDER_ID)\n  File \"/Library/Frameworks/Python.framework/Versions/3.11/lib/python3.11/site-packages/allure_commons/_allure.py\", line 192, in impl\n    return func(*a, **kw)\n           ^^^^^^^^^^^^^^\n  File \"/Users/macbookraketa/Desktop/ЯндексПрактикум/Diplom/Diplom_3/pages/base_page.py\", line 84, in wait_until_missing_element\n    WebDriverWait(self.driver, 20).until(EC.invisibility_of_element_located(locator))\n  File \"/Library/Frameworks/Python.framework/Versions/3.11/lib/python3.11/site-packages/selenium/webdriver/support/wait.py\", line 105, in until\n    raise TimeoutException(message, screen, stacktrace)\n"}, "steps": [{"name": "Ожидание исчезновения элемента", "status": "broken", "statusDetails": {"message": "selenium.common.exceptions.TimeoutException: Message: \n\n", "trace": "  File \"/Library/Frameworks/Python.framework/Versions/3.11/lib/python3.11/site-packages/allure_commons/_allure.py\", line 192, in impl\n    return func(*a, **kw)\n           ^^^^^^^^^^^^^^\n  File \"/Users/macbookraketa/Desktop/ЯндексПрактикум/Diplom/Diplom_3/pages/base_page.py\", line 84, in wait_until_missing_element\n    WebDriverWait(self.driver, 20).until(EC.invisibility_of_element_located(locator))\n  File \"/Library/Frameworks/Python.framework/Versions/3.11/lib/python3.11/site-packages/selenium/webdriver/support/wait.py\", line 105, in until\n    raise TimeoutException(message, screen, stacktrace)\n"}, "parameters": [{"name": "locator", "value": "('xpath', \"//h2[text()='9999']\")"}, {"name": "time", "value": "10"}], "start": 1727407394039, "stop": 1727407414141}], "start": 1727407394039, "stop": 1727407414143}], "parameters": [{"name": "driver", "value": "'firefox'"}], "start": 1727407388657, "stop": 1727407414144, "uuid": "ecf580fc-523f-44ba-9a17-74bbdabaf3c3", "historyId": "586fd8b9127b169106925fa76bb73ce3", "testCaseId": "c4a878cecfc07694e4be41025abf35de", "fullName": "tests.test_order_page.TestOrderPage#test_count_now_order", "labels": [{"name": "parentSuite", "value": "tests"}, {"name": "suite", "value": "test_order_page"}, {"name": "subSuite", "value": "TestOrderPage"}, {"name": "host", "value": "MacBook-Pro-2.local"}, {"name": "thread", "value": "62076-MainThread"}, {"name": "framework", "value": "pytest"}, {"name": "language", "value": "cpython3"}, {"name": "package", "value": "tests.test_order_page"}]}